<?xml version="1.0" encoding="UTF-8"?>
<!-- Generated by org.testng.reporters.JUnitReportReporter -->
<testsuite skipped="0" hostname="LENOVO-PC" name="selenium.seleniumKeyword.TestRunner" tests="1" failures="0" timestamp="04 Mar 2018 10:40:00 GMT" time="23.438" errors="0">
  <testcase name="TestApp" time="23.438" classname="selenium.seleniumKeyword.TestRunner"/>
</testsuite> <!-- selenium.seleniumKeyword.TestRunner -->
