<?xml version="1.0" encoding="UTF-8"?>
<!-- Generated by org.testng.reporters.JUnitReportReporter -->
<testsuite hostname="Aivan.local" failures="0" tests="1" name="selenium.seleniumKeyword.TestRunner" time="15.268" errors="0" timestamp="06 thg 5 2018 13:23:52 GMT" skipped="0">
  <testcase classname="selenium.seleniumKeyword.TestRunner" name="TestApp" time="15.268"/>
</testsuite> <!-- selenium.seleniumKeyword.TestRunner -->
