<?xml version="1.0" encoding="UTF-8"?>
<!-- Generated by org.testng.reporters.JUnitReportReporter -->
<testsuite skipped="0" hostname="LENOVO-PC" name="selenium.seleniumKeyword.TestRunner" tests="1" failures="0" timestamp="04 Feb 2018 12:03:59 GMT" time="45.676" errors="0">
  <testcase name="TestApp" time="45.676" classname="selenium.seleniumKeyword.TestRunner"/>
</testsuite> <!-- selenium.seleniumKeyword.TestRunner -->
