<?xml version="1.0" encoding="UTF-8"?>
<!-- Generated by org.testng.reporters.JUnitReportReporter -->
<testsuite hostname="HCM-CA-00014" name="selenium.seleniumKeyword.TestRunner" tests="1" failures="0" timestamp="31 Jan 2018 07:19:54 GMT" time="4.330" errors="0">
  <testcase name="TestApp" time="4.330" classname="selenium.seleniumKeyword.TestRunner"/>
</testsuite> <!-- selenium.seleniumKeyword.TestRunner -->
